Started GET "/" for ::1 at 2017-03-29 15:39:45 -0400
  
ActiveRecord::PendingMigrationError (

Migrations are pending. To resolve this issue, run:

        bin/rails db:migrate RAILS_ENV=development

):
  
activerecord (5.0.1) lib/active_record/migration.rb:573:in `check_pending!'
activerecord (5.0.1) lib/active_record/migration.rb:549:in `call'
actionpack (5.0.1) lib/action_dispatch/middleware/callbacks.rb:38:in `block in call'
activesupport (5.0.1) lib/active_support/callbacks.rb:97:in `__run_callbacks__'
activesupport (5.0.1) lib/active_support/callbacks.rb:750:in `_run_call_callbacks'
activesupport (5.0.1) lib/active_support/callbacks.rb:90:in `run_callbacks'
actionpack (5.0.1) lib/action_dispatch/middleware/callbacks.rb:36:in `call'
actionpack (5.0.1) lib/action_dispatch/middleware/executor.rb:12:in `call'
actionpack (5.0.1) lib/action_dispatch/middleware/remote_ip.rb:79:in `call'
actionpack (5.0.1) lib/action_dispatch/middleware/debug_exceptions.rb:49:in `call'
web-console (3.4.0) lib/web_console/middleware.rb:135:in `call_app'
web-console (3.4.0) lib/web_console/middleware.rb:28:in `block in call'
web-console (3.4.0) lib/web_console/middleware.rb:18:in `catch'
web-console (3.4.0) lib/web_console/middleware.rb:18:in `call'
actionpack (5.0.1) lib/action_dispatch/middleware/show_exceptions.rb:31:in `call'
railties (5.0.1) lib/rails/rack/logger.rb:36:in `call_app'
railties (5.0.1) lib/rails/rack/logger.rb:24:in `block in call'
activesupport (5.0.1) lib/active_support/tagged_logging.rb:69:in `block in tagged'
activesupport (5.0.1) lib/active_support/tagged_logging.rb:26:in `tagged'
activesupport (5.0.1) lib/active_support/tagged_logging.rb:69:in `tagged'
railties (5.0.1) lib/rails/rack/logger.rb:24:in `call'
sprockets-rails (3.2.0) lib/sprockets/rails/quiet_assets.rb:13:in `call'
actionpack (5.0.1) lib/action_dispatch/middleware/request_id.rb:24:in `call'
rack (2.0.1) lib/rack/method_override.rb:22:in `call'
rack (2.0.1) lib/rack/runtime.rb:22:in `call'
activesupport (5.0.1) lib/active_support/cache/strategy/local_cache_middleware.rb:28:in `call'
actionpack (5.0.1) lib/action_dispatch/middleware/executor.rb:12:in `call'
actionpack (5.0.1) lib/action_dispatch/middleware/static.rb:136:in `call'
rack (2.0.1) lib/rack/sendfile.rb:111:in `call'
railties (5.0.1) lib/rails/engine.rb:522:in `call'
puma (3.6.2) lib/puma/configuration.rb:225:in `call'
puma (3.6.2) lib/puma/server.rb:578:in `handle_request'
puma (3.6.2) lib/puma/server.rb:415:in `process_client'
puma (3.6.2) lib/puma/server.rb:275:in `block in run'
puma (3.6.2) lib/puma/thread_pool.rb:116:in `block in spawn_thread'
  Rendering /Users/nea24/.rbenv/versions/2.3.1/lib/ruby/gems/2.3.0/gems/actionpack-5.0.1/lib/action_dispatch/middleware/templates/rescues/diagnostics.html.erb within rescues/layout
  Rendering /Users/nea24/.rbenv/versions/2.3.1/lib/ruby/gems/2.3.0/gems/actionpack-5.0.1/lib/action_dispatch/middleware/templates/rescues/_source.html.erb
  Rendered /Users/nea24/.rbenv/versions/2.3.1/lib/ruby/gems/2.3.0/gems/actionpack-5.0.1/lib/action_dispatch/middleware/templates/rescues/_source.html.erb (5.2ms)
  Rendering /Users/nea24/.rbenv/versions/2.3.1/lib/ruby/gems/2.3.0/gems/actionpack-5.0.1/lib/action_dispatch/middleware/templates/rescues/_trace.html.erb
  Rendered /Users/nea24/.rbenv/versions/2.3.1/lib/ruby/gems/2.3.0/gems/actionpack-5.0.1/lib/action_dispatch/middleware/templates/rescues/_trace.html.erb (3.4ms)
  Rendering /Users/nea24/.rbenv/versions/2.3.1/lib/ruby/gems/2.3.0/gems/actionpack-5.0.1/lib/action_dispatch/middleware/templates/rescues/_request_and_response.html.erb
  Rendered /Users/nea24/.rbenv/versions/2.3.1/lib/ruby/gems/2.3.0/gems/actionpack-5.0.1/lib/action_dispatch/middleware/templates/rescues/_request_and_response.html.erb (2.2ms)
  Rendered /Users/nea24/.rbenv/versions/2.3.1/lib/ruby/gems/2.3.0/gems/actionpack-5.0.1/lib/action_dispatch/middleware/templates/rescues/diagnostics.html.erb within rescues/layout (195.9ms)
  [1m[35m (2.5ms)[0m  [1m[35mCREATE TABLE "schema_migrations" ("version" varchar NOT NULL PRIMARY KEY)[0m
  [1m[35m (6.5ms)[0m  [1m[35mCREATE TABLE "ar_internal_metadata" ("key" varchar NOT NULL PRIMARY KEY, "value" varchar, "created_at" datetime NOT NULL, "updated_at" datetime NOT NULL)[0m
  [1m[36mActiveRecord::SchemaMigration Load (0.2ms)[0m  [1m[34mSELECT "schema_migrations".* FROM "schema_migrations"[0m
Migrating to DeviseCreateUsers (20170104140322)
  [1m[35m (0.1ms)[0m  [1m[36mbegin transaction[0m
  [1m[35m (0.7ms)[0m  [1m[35mCREATE TABLE "users" ("id" INTEGER PRIMARY KEY AUTOINCREMENT NOT NULL, "email" varchar DEFAULT '' NOT NULL, "encrypted_password" varchar DEFAULT '' NOT NULL, "reset_password_token" varchar, "reset_password_sent_at" datetime, "remember_created_at" datetime, "sign_in_count" integer DEFAULT 0 NOT NULL, "current_sign_in_at" datetime, "last_sign_in_at" datetime, "current_sign_in_ip" varchar, "last_sign_in_ip" varchar, "created_at" datetime NOT NULL, "updated_at" datetime NOT NULL)[0m
  [1m[35m (0.1ms)[0m  [1m[34mselect sqlite_version(*)[0m
  [1m[35m (0.4ms)[0m  [1m[35mCREATE UNIQUE INDEX "index_users_on_email" ON "users" ("email")[0m
  [1m[35m (0.1ms)[0m  [1m[34m            SELECT sql
            FROM sqlite_master
            WHERE name='index_users_on_email' AND type='index'
            UNION ALL
            SELECT sql
            FROM sqlite_temp_master
            WHERE name='index_users_on_email' AND type='index'
[0m
  [1m[35m (0.2ms)[0m  [1m[35mCREATE UNIQUE INDEX "index_users_on_reset_password_token" ON "users" ("reset_password_token")[0m
  [1m[35mSQL (0.2ms)[0m  [1m[32mINSERT INTO "schema_migrations" ("version") VALUES (?)[0m  [["version", "20170104140322"]]
  [1m[35m (1.4ms)[0m  [1m[36mcommit transaction[0m
Migrating to CreateEvents (20170104155912)
  [1m[35m (0.1ms)[0m  [1m[36mbegin transaction[0m
  [1m[35m (0.5ms)[0m  [1m[35mCREATE TABLE "events" ("id" INTEGER PRIMARY KEY AUTOINCREMENT NOT NULL, "title" varchar, "date" date, "time" time, "location" varchar, "description" text, "created_at" datetime NOT NULL, "updated_at" datetime NOT NULL)[0m
  [1m[35mSQL (0.2ms)[0m  [1m[32mINSERT INTO "schema_migrations" ("version") VALUES (?)[0m  [["version", "20170104155912"]]
  [1m[35m (1.2ms)[0m  [1m[36mcommit transaction[0m
Migrating to AddAdminToUsers (20170104162242)
  [1m[35m (0.1ms)[0m  [1m[36mbegin transaction[0m
  [1m[35m (0.6ms)[0m  [1m[35mALTER TABLE "users" ADD "admin" boolean[0m
  [1m[35mSQL (0.2ms)[0m  [1m[32mINSERT INTO "schema_migrations" ("version") VALUES (?)[0m  [["version", "20170104162242"]]
  [1m[35m (1.3ms)[0m  [1m[36mcommit transaction[0m
Migrating to RemoveDateFromEvents (20170106140339)
  [1m[35m (0.1ms)[0m  [1m[36mbegin transaction[0m
  [1m[35m (0.6ms)[0m  [1m[35mCREATE TEMPORARY TABLE "aevents" ("id" INTEGER PRIMARY KEY AUTOINCREMENT NOT NULL, "title" varchar, "date" date, "time" time, "location" varchar, "description" text, "created_at" datetime NOT NULL, "updated_at" datetime NOT NULL)[0m
  [1m[35m (0.3ms)[0m  [1m[32mINSERT INTO "aevents" ("id","title","date","time","location","description","created_at","updated_at")
                     SELECT "id","title","date","time","location","description","created_at","updated_at" FROM "events"[0m
  [1m[35m (34.0ms)[0m  [1m[35mDROP TABLE "events"[0m
  [1m[35m (0.2ms)[0m  [1m[35mCREATE TABLE "events" ("id" INTEGER PRIMARY KEY AUTOINCREMENT NOT NULL, "title" varchar, "time" time, "location" varchar, "description" text, "created_at" datetime NOT NULL, "updated_at" datetime NOT NULL)[0m
  [1m[35m (0.1ms)[0m  [1m[32mINSERT INTO "events" ("id","title","time","location","description","created_at","updated_at")
                     SELECT "id","title","time","location","description","created_at","updated_at" FROM "aevents"[0m
  [1m[35m (0.2ms)[0m  [1m[35mDROP TABLE "aevents"[0m
  [1m[35mSQL (0.2ms)[0m  [1m[32mINSERT INTO "schema_migrations" ("version") VALUES (?)[0m  [["version", "20170106140339"]]
  [1m[35m (1.6ms)[0m  [1m[36mcommit transaction[0m
Migrating to ChangeTimeFieldEvents (20170106143805)
  [1m[35m (0.1ms)[0m  [1m[36mbegin transaction[0m
  [1m[35m (0.3ms)[0m  [1m[35mCREATE TEMPORARY TABLE "aevents" ("id" INTEGER PRIMARY KEY AUTOINCREMENT NOT NULL, "title" varchar, "time" time, "location" varchar, "description" text, "created_at" datetime NOT NULL, "updated_at" datetime NOT NULL)[0m
  [1m[35m (0.1ms)[0m  [1m[32mINSERT INTO "aevents" ("id","title","time","location","description","created_at","updated_at")
                     SELECT "id","title","time","location","description","created_at","updated_at" FROM "events"[0m
  [1m[35m (0.3ms)[0m  [1m[35mDROP TABLE "events"[0m
  [1m[35m (0.2ms)[0m  [1m[35mCREATE TABLE "events" ("id" INTEGER PRIMARY KEY AUTOINCREMENT NOT NULL, "title" varchar, "location" varchar, "description" text, "created_at" datetime NOT NULL, "updated_at" datetime NOT NULL)[0m
  [1m[35m (0.3ms)[0m  [1m[32mINSERT INTO "events" ("id","title","location","description","created_at","updated_at")
                     SELECT "id","title","location","description","created_at","updated_at" FROM "aevents"[0m
  [1m[35m (0.1ms)[0m  [1m[35mDROP TABLE "aevents"[0m
  [1m[35m (0.2ms)[0m  [1m[35mALTER TABLE "events" ADD "datetime" datetime[0m
  [1m[35mSQL (0.1ms)[0m  [1m[32mINSERT INTO "schema_migrations" ("version") VALUES (?)[0m  [["version", "20170106143805"]]
  [1m[35m (1.3ms)[0m  [1m[36mcommit transaction[0m
Migrating to AddPhoneToUsers (20170106193337)
  [1m[35m (0.1ms)[0m  [1m[36mbegin transaction[0m
  [1m[35m (0.6ms)[0m  [1m[35mALTER TABLE "users" ADD "phone" varchar[0m
  [1m[35mSQL (0.2ms)[0m  [1m[32mINSERT INTO "schema_migrations" ("version") VALUES (?)[0m  [["version", "20170106193337"]]
  [1m[35m (1.0ms)[0m  [1m[36mcommit transaction[0m
Migrating to AddSmsToUsers (20170106200557)
  [1m[35m (0.1ms)[0m  [1m[36mbegin transaction[0m
  [1m[35m (0.6ms)[0m  [1m[35mALTER TABLE "users" ADD "subscribed_to_sms" boolean DEFAULT 't'[0m
  [1m[35mSQL (0.2ms)[0m  [1m[32mINSERT INTO "schema_migrations" ("version") VALUES (?)[0m  [["version", "20170106200557"]]
  [1m[35m (1.0ms)[0m  [1m[36mcommit transaction[0m
Migrating to CreateDelayedJobs (20170106202934)
  [1m[35m (0.1ms)[0m  [1m[36mbegin transaction[0m
DEPRECATION WARNING: Directly inheriting from ActiveRecord::Migration is deprecated. Please specify the Rails release the migration was written for:

  class CreateDelayedJobs < ActiveRecord::Migration[4.2] (called from require at /Users/nea24/Box Sync/CompBio/NehaAbraham/cpcb-alerts (NEA24@pitt.edu)/bin/rails:9)
  [1m[35m (0.4ms)[0m  [1m[35mCREATE TABLE "delayed_jobs" ("id" INTEGER PRIMARY KEY AUTOINCREMENT NOT NULL, "priority" integer DEFAULT 0 NOT NULL, "attempts" integer DEFAULT 0 NOT NULL, "handler" text NOT NULL, "last_error" text, "run_at" datetime, "locked_at" datetime, "failed_at" datetime, "locked_by" varchar, "queue" varchar, "created_at" datetime, "updated_at" datetime)[0m
  [1m[35m (0.2ms)[0m  [1m[35mCREATE  INDEX "delayed_jobs_priority" ON "delayed_jobs" ("priority", "run_at")[0m
  [1m[35mSQL (0.3ms)[0m  [1m[32mINSERT INTO "schema_migrations" ("version") VALUES (?)[0m  [["version", "20170106202934"]]
  [1m[35m (1.3ms)[0m  [1m[36mcommit transaction[0m
Migrating to AddEndTimeToEvents (20170109145748)
  [1m[35m (0.1ms)[0m  [1m[36mbegin transaction[0m
  [1m[35m (0.6ms)[0m  [1m[35mALTER TABLE "events" ADD "end_time" datetime[0m
  [1m[35mSQL (0.2ms)[0m  [1m[32mINSERT INTO "schema_migrations" ("version") VALUES (?)[0m  [["version", "20170109145748"]]
  [1m[35m (7.7ms)[0m  [1m[36mcommit transaction[0m
Migrating to RenameEndTime (20170109150234)
  [1m[35m (0.4ms)[0m  [1m[36mbegin transaction[0m
  [1m[35m (0.2ms)[0m  [1m[35mCREATE TEMPORARY TABLE "aevents" ("id" INTEGER PRIMARY KEY AUTOINCREMENT NOT NULL, "title" varchar, "location" varchar, "description" text, "created_at" datetime NOT NULL, "updated_at" datetime NOT NULL, "datetime" datetime, "end" datetime)[0m
  [1m[35m (0.1ms)[0m  [1m[32mINSERT INTO "aevents" ("id","title","location","description","created_at","updated_at","datetime","end")
                     SELECT "id","title","location","description","created_at","updated_at","datetime","end_time" FROM "events"[0m
  [1m[35m (0.3ms)[0m  [1m[35mDROP TABLE "events"[0m
  [1m[35m (0.2ms)[0m  [1m[35mCREATE TABLE "events" ("id" INTEGER PRIMARY KEY AUTOINCREMENT NOT NULL, "title" varchar, "location" varchar, "description" text, "created_at" datetime NOT NULL, "updated_at" datetime NOT NULL, "datetime" datetime, "end" datetime)[0m
  [1m[35m (0.3ms)[0m  [1m[32mINSERT INTO "events" ("id","title","location","description","created_at","updated_at","datetime","end")
                     SELECT "id","title","location","description","created_at","updated_at","datetime","end" FROM "aevents"[0m
  [1m[35m (0.1ms)[0m  [1m[35mDROP TABLE "aevents"[0m
  [1m[35m (0.2ms)[0m  [1m[35mCREATE TEMPORARY TABLE "aevents" ("id" INTEGER PRIMARY KEY AUTOINCREMENT NOT NULL, "title" varchar, "location" varchar, "description" text, "created_at" datetime NOT NULL, "updated_at" datetime NOT NULL, "start" datetime, "end" datetime)[0m
  [1m[35m (0.1ms)[0m  [1m[32mINSERT INTO "aevents" ("id","title","location","description","created_at","updated_at","start","end")
                     SELECT "id","title","location","description","created_at","updated_at","datetime","end" FROM "events"[0m
  [1m[35m (0.2ms)[0m  [1m[35mDROP TABLE "events"[0m
  [1m[35m (0.2ms)[0m  [1m[35mCREATE TABLE "events" ("id" INTEGER PRIMARY KEY AUTOINCREMENT NOT NULL, "title" varchar, "location" varchar, "description" text, "created_at" datetime NOT NULL, "updated_at" datetime NOT NULL, "start" datetime, "end" datetime)[0m
  [1m[35m (0.1ms)[0m  [1m[32mINSERT INTO "events" ("id","title","location","description","created_at","updated_at","start","end")
                     SELECT "id","title","location","description","created_at","updated_at","start","end" FROM "aevents"[0m
  [1m[35m (0.1ms)[0m  [1m[35mDROP TABLE "aevents"[0m
  [1m[35mSQL (0.2ms)[0m  [1m[32mINSERT INTO "schema_migrations" ("version") VALUES (?)[0m  [["version", "20170109150234"]]
  [1m[35m (1.5ms)[0m  [1m[36mcommit transaction[0m
Migrating to AddEmailSubscriptionToUsers (20170112132327)
  [1m[35m (0.1ms)[0m  [1m[36mbegin transaction[0m
  [1m[35m (0.6ms)[0m  [1m[35mALTER TABLE "users" ADD "subscribed_to_email" boolean DEFAULT 't'[0m
  [1m[35mSQL (0.2ms)[0m  [1m[32mINSERT INTO "schema_migrations" ("version") VALUES (?)[0m  [["version", "20170112132327"]]
  [1m[35m (0.9ms)[0m  [1m[36mcommit transaction[0m
Migrating to CreateCategories (20170112132927)
  [1m[35m (0.1ms)[0m  [1m[36mbegin transaction[0m
  [1m[35m (0.5ms)[0m  [1m[35mCREATE TABLE "categories" ("id" INTEGER PRIMARY KEY AUTOINCREMENT NOT NULL, "name" varchar, "created_at" datetime NOT NULL, "updated_at" datetime NOT NULL)[0m
  [1m[35mSQL (0.2ms)[0m  [1m[32mINSERT INTO "schema_migrations" ("version") VALUES (?)[0m  [["version", "20170112132927"]]
  [1m[35m (1.2ms)[0m  [1m[36mcommit transaction[0m
Migrating to AddCategoryToEvents (20170112133647)
  [1m[35m (0.1ms)[0m  [1m[36mbegin transaction[0m
  [1m[35m (0.5ms)[0m  [1m[35mALTER TABLE "events" ADD "category_id" integer[0m
  [1m[35mSQL (0.3ms)[0m  [1m[32mINSERT INTO "schema_migrations" ("version") VALUES (?)[0m  [["version", "20170112133647"]]
  [1m[35m (1.0ms)[0m  [1m[36mcommit transaction[0m
Migrating to AddSubscriptionOptionsToUsers (20170112202249)
  [1m[35m (0.1ms)[0m  [1m[36mbegin transaction[0m
  [1m[35m (0.6ms)[0m  [1m[35mALTER TABLE "users" ADD "faculty_meetings" boolean DEFAULT 't'[0m
  [1m[35m (0.3ms)[0m  [1m[35mALTER TABLE "users" ADD "cpcb_seminars" boolean DEFAULT 't'[0m
  [1m[35m (0.3ms)[0m  [1m[35mALTER TABLE "users" ADD "csb_seminars" boolean DEFAULT 't'[0m
  [1m[35m (0.2ms)[0m  [1m[35mALTER TABLE "users" ADD "miscellanous" boolean DEFAULT 't'[0m
  [1m[35mSQL (0.2ms)[0m  [1m[32mINSERT INTO "schema_migrations" ("version") VALUES (?)[0m  [["version", "20170112202249"]]
  [1m[35m (0.9ms)[0m  [1m[36mcommit transaction[0m
Migrating to RenameMiscellanousToMiscellaneousInUsers (20170112202723)
  [1m[35m (0.1ms)[0m  [1m[36mbegin transaction[0m
  [1m[35m (0.4ms)[0m  [1m[35mCREATE TEMPORARY TABLE "ausers" ("id" INTEGER PRIMARY KEY AUTOINCREMENT NOT NULL, "email" varchar DEFAULT '' NOT NULL, "encrypted_password" varchar DEFAULT '' NOT NULL, "reset_password_token" varchar, "reset_password_sent_at" datetime, "remember_created_at" datetime, "sign_in_count" integer DEFAULT 0 NOT NULL, "current_sign_in_at" datetime, "last_sign_in_at" datetime, "current_sign_in_ip" varchar, "last_sign_in_ip" varchar, "created_at" datetime NOT NULL, "updated_at" datetime NOT NULL, "admin" boolean, "phone" varchar, "subscribed_to_sms" boolean DEFAULT 't', "subscribed_to_email" boolean DEFAULT 't', "faculty_meetings" boolean DEFAULT 't', "cpcb_seminars" boolean DEFAULT 't', "csb_seminars" boolean DEFAULT 't', "miscellaneous" boolean DEFAULT 't')[0m
  [1m[35m (0.1ms)[0m  [1m[34m            SELECT sql
            FROM sqlite_master
            WHERE name='index_users_on_reset_password_token' AND type='index'
            UNION ALL
            SELECT sql
            FROM sqlite_temp_master
            WHERE name='index_users_on_reset_password_token' AND type='index'
[0m
  [1m[35m (0.1ms)[0m  [1m[34m            SELECT sql
            FROM sqlite_master
            WHERE name='index_users_on_email' AND type='index'
            UNION ALL
            SELECT sql
            FROM sqlite_temp_master
            WHERE name='index_users_on_email' AND type='index'
[0m
  [1m[35m (0.2ms)[0m  [1m[35mCREATE UNIQUE INDEX "tindex_ausers_on_reset_password_token" ON "ausers" ("reset_password_token")[0m
  [1m[35m (0.2ms)[0m  [1m[35mCREATE UNIQUE INDEX "tindex_ausers_on_email" ON "ausers" ("email")[0m
  [1m[35m (0.1ms)[0m  [1m[32mINSERT INTO "ausers" ("id","email","encrypted_password","reset_password_token","reset_password_sent_at","remember_created_at","sign_in_count","current_sign_in_at","last_sign_in_at","current_sign_in_ip","last_sign_in_ip","created_at","updated_at","admin","phone","subscribed_to_sms","subscribed_to_email","faculty_meetings","cpcb_seminars","csb_seminars","miscellaneous")
                     SELECT "id","email","encrypted_password","reset_password_token","reset_password_sent_at","remember_created_at","sign_in_count","current_sign_in_at","last_sign_in_at","current_sign_in_ip","last_sign_in_ip","created_at","updated_at","admin","phone","subscribed_to_sms","subscribed_to_email","faculty_meetings","cpcb_seminars","csb_seminars","miscellanous" FROM "users"[0m
  [1m[35m (0.5ms)[0m  [1m[35mDROP TABLE "users"[0m
  [1m[35m (0.2ms)[0m  [1m[35mCREATE TABLE "users" ("id" INTEGER PRIMARY KEY AUTOINCREMENT NOT NULL, "email" varchar DEFAULT '' NOT NULL, "encrypted_password" varchar DEFAULT '' NOT NULL, "reset_password_token" varchar, "reset_password_sent_at" datetime, "remember_created_at" datetime, "sign_in_count" integer DEFAULT 0 NOT NULL, "current_sign_in_at" datetime, "last_sign_in_at" datetime, "current_sign_in_ip" varchar, "last_sign_in_ip" varchar, "created_at" datetime NOT NULL, "updated_at" datetime NOT NULL, "admin" boolean, "phone" varchar, "subscribed_to_sms" boolean DEFAULT 't', "subscribed_to_email" boolean DEFAULT 't', "faculty_meetings" boolean DEFAULT 't', "cpcb_seminars" boolean DEFAULT 't', "csb_seminars" boolean DEFAULT 't', "miscellaneous" boolean DEFAULT 't')[0m
  [1m[35m (0.1ms)[0m  [1m[34m            SELECT sql
            FROM sqlite_master
            WHERE name='tindex_ausers_on_email' AND type='index'
            UNION ALL
            SELECT sql
            FROM sqlite_temp_master
            WHERE name='tindex_ausers_on_email' AND type='index'
[0m
  [1m[35m (0.1ms)[0m  [1m[34m            SELECT sql
            FROM sqlite_master
            WHERE name='tindex_ausers_on_reset_password_token' AND type='index'
            UNION ALL
            SELECT sql
            FROM sqlite_temp_master
            WHERE name='tindex_ausers_on_reset_password_token' AND type='index'
[0m
  [1m[35m (0.6ms)[0m  [1m[35mCREATE UNIQUE INDEX "index_users_on_email" ON "users" ("email")[0m
  [1m[35m (0.1ms)[0m  [1m[34m            SELECT sql
            FROM sqlite_master
            WHERE name='index_users_on_email' AND type='index'
            UNION ALL
            SELECT sql
            FROM sqlite_temp_master
            WHERE name='index_users_on_email' AND type='index'
[0m
  [1m[35m (0.2ms)[0m  [1m[35mCREATE UNIQUE INDEX "index_users_on_reset_password_token" ON "users" ("reset_password_token")[0m
  [1m[35m (0.2ms)[0m  [1m[32mINSERT INTO "users" ("id","email","encrypted_password","reset_password_token","reset_password_sent_at","remember_created_at","sign_in_count","current_sign_in_at","last_sign_in_at","current_sign_in_ip","last_sign_in_ip","created_at","updated_at","admin","phone","subscribed_to_sms","subscribed_to_email","faculty_meetings","cpcb_seminars","csb_seminars","miscellaneous")
                     SELECT "id","email","encrypted_password","reset_password_token","reset_password_sent_at","remember_created_at","sign_in_count","current_sign_in_at","last_sign_in_at","current_sign_in_ip","last_sign_in_ip","created_at","updated_at","admin","phone","subscribed_to_sms","subscribed_to_email","faculty_meetings","cpcb_seminars","csb_seminars","miscellaneous" FROM "ausers"[0m
  [1m[35m (0.3ms)[0m  [1m[35mDROP TABLE "ausers"[0m
  [1m[35m (0.1ms)[0m  [1m[34m            SELECT sql
            FROM sqlite_master
            WHERE name='index_users_on_reset_password_token' AND type='index'
            UNION ALL
            SELECT sql
            FROM sqlite_temp_master
            WHERE name='index_users_on_reset_password_token' AND type='index'
[0m
  [1m[35m (0.1ms)[0m  [1m[34m            SELECT sql
            FROM sqlite_master
            WHERE name='index_users_on_email' AND type='index'
            UNION ALL
            SELECT sql
            FROM sqlite_temp_master
            WHERE name='index_users_on_email' AND type='index'
[0m
  [1m[35mSQL (0.2ms)[0m  [1m[32mINSERT INTO "schema_migrations" ("version") VALUES (?)[0m  [["version", "20170112202723"]]
  [1m[35m (1.8ms)[0m  [1m[36mcommit transaction[0m
Migrating to AddConfirmableToDevise (20170119194341)
  [1m[35m (0.1ms)[0m  [1m[36mbegin transaction[0m
  [1m[35m (0.6ms)[0m  [1m[35mALTER TABLE "users" ADD "confirmation_token" varchar[0m
  [1m[35m (0.2ms)[0m  [1m[35mALTER TABLE "users" ADD "confirmed_at" datetime[0m
  [1m[35m (0.5ms)[0m  [1m[35mALTER TABLE "users" ADD "confirmation_sent_at" datetime[0m
  [1m[35m (0.3ms)[0m  [1m[35mALTER TABLE "users" ADD "unconfirmed_email" varchar[0m
  [1m[35m (0.1ms)[0m  [1m[34m            SELECT sql
            FROM sqlite_master
            WHERE name='index_users_on_reset_password_token' AND type='index'
            UNION ALL
            SELECT sql
            FROM sqlite_temp_master
            WHERE name='index_users_on_reset_password_token' AND type='index'
[0m
  [1m[35m (0.1ms)[0m  [1m[34m            SELECT sql
            FROM sqlite_master
            WHERE name='index_users_on_email' AND type='index'
            UNION ALL
            SELECT sql
            FROM sqlite_temp_master
            WHERE name='index_users_on_email' AND type='index'
[0m
  [1m[35m (0.4ms)[0m  [1m[35mCREATE UNIQUE INDEX "index_users_on_confirmation_token" ON "users" ("confirmation_token")[0m
  [1m[35mSQL (0.1ms)[0m  [1m[33mUPDATE "users" SET "confirmed_at" = '2017-03-29 15:40:07.729792'[0m
  [1m[35mSQL (0.2ms)[0m  [1m[32mINSERT INTO "schema_migrations" ("version") VALUES (?)[0m  [["version", "20170119194341"]]
  [1m[35m (13.8ms)[0m  [1m[36mcommit transaction[0m
Migrating to AddOptionsToUsers (20170120155522)
  [1m[35m (0.1ms)[0m  [1m[36mbegin transaction[0m
  [1m[35m (0.6ms)[0m  [1m[35mALTER TABLE "users" ADD "day_before_email" boolean DEFAULT 't'[0m
  [1m[35m (0.3ms)[0m  [1m[35mALTER TABLE "users" ADD "week_before_email" boolean DEFAULT 't'[0m
  [1m[35m (0.5ms)[0m  [1m[35mCREATE TEMPORARY TABLE "ausers" ("id" INTEGER PRIMARY KEY AUTOINCREMENT NOT NULL, "email" varchar DEFAULT '' NOT NULL, "encrypted_password" varchar DEFAULT '' NOT NULL, "reset_password_token" varchar, "reset_password_sent_at" datetime, "remember_created_at" datetime, "sign_in_count" integer DEFAULT 0 NOT NULL, "current_sign_in_at" datetime, "last_sign_in_at" datetime, "current_sign_in_ip" varchar, "last_sign_in_ip" varchar, "created_at" datetime NOT NULL, "updated_at" datetime NOT NULL, "admin" boolean, "phone" varchar, "subscribed_to_sms" boolean DEFAULT 't', "subscribed_to_email" boolean DEFAULT 't', "faculty_meetings" boolean DEFAULT 't', "cpcb_seminars" boolean DEFAULT 't', "csb_seminars" boolean DEFAULT 't', "miscellaneous" boolean DEFAULT 't', "confirmation_token" varchar, "confirmed_at" datetime, "confirmation_sent_at" datetime, "unconfirmed_email" varchar, "day_before_email" boolean DEFAULT 't', "week_before_email" boolean DEFAULT 't')[0m
  [1m[35m (0.1ms)[0m  [1m[34m            SELECT sql
            FROM sqlite_master
            WHERE name='index_users_on_confirmation_token' AND type='index'
            UNION ALL
            SELECT sql
            FROM sqlite_temp_master
            WHERE name='index_users_on_confirmation_token' AND type='index'
[0m
  [1m[35m (0.1ms)[0m  [1m[34m            SELECT sql
            FROM sqlite_master
            WHERE name='index_users_on_reset_password_token' AND type='index'
            UNION ALL
            SELECT sql
            FROM sqlite_temp_master
            WHERE name='index_users_on_reset_password_token' AND type='index'
[0m
  [1m[35m (0.1ms)[0m  [1m[34m            SELECT sql
            FROM sqlite_master
            WHERE name='index_users_on_email' AND type='index'
            UNION ALL
            SELECT sql
            FROM sqlite_temp_master
            WHERE name='index_users_on_email' AND type='index'
[0m
  [1m[35m (0.2ms)[0m  [1m[35mCREATE UNIQUE INDEX "tindex_ausers_on_confirmation_token" ON "ausers" ("confirmation_token")[0m
  [1m[35m (0.2ms)[0m  [1m[35mCREATE UNIQUE INDEX "tindex_ausers_on_reset_password_token" ON "ausers" ("reset_password_token")[0m
  [1m[35m (0.2ms)[0m  [1m[35mCREATE UNIQUE INDEX "tindex_ausers_on_email" ON "ausers" ("email")[0m
  [1m[35m (0.2ms)[0m  [1m[32mINSERT INTO "ausers" ("id","email","encrypted_password","reset_password_token","reset_password_sent_at","remember_created_at","sign_in_count","current_sign_in_at","last_sign_in_at","current_sign_in_ip","last_sign_in_ip","created_at","updated_at","admin","phone","subscribed_to_sms","subscribed_to_email","faculty_meetings","cpcb_seminars","csb_seminars","miscellaneous","confirmation_token","confirmed_at","confirmation_sent_at","unconfirmed_email","day_before_email","week_before_email")
                     SELECT "id","email","encrypted_password","reset_password_token","reset_password_sent_at","remember_created_at","sign_in_count","current_sign_in_at","last_sign_in_at","current_sign_in_ip","last_sign_in_ip","created_at","updated_at","admin","phone","subscribed_to_sms","subscribed_to_email","faculty_meetings","cpcb_seminars","csb_seminars","miscellaneous","confirmation_token","confirmed_at","confirmation_sent_at","unconfirmed_email","day_before_email","week_before_email" FROM "users"[0m
  [1m[35m (0.6ms)[0m  [1m[35mDROP TABLE "users"[0m
  [1m[35m (0.3ms)[0m  [1m[35mCREATE TABLE "users" ("id" INTEGER PRIMARY KEY AUTOINCREMENT NOT NULL, "email" varchar DEFAULT '' NOT NULL, "encrypted_password" varchar DEFAULT '' NOT NULL, "reset_password_token" varchar, "reset_password_sent_at" datetime, "remember_created_at" datetime, "sign_in_count" integer DEFAULT 0 NOT NULL, "current_sign_in_at" datetime, "last_sign_in_at" datetime, "current_sign_in_ip" varchar, "last_sign_in_ip" varchar, "created_at" datetime NOT NULL, "updated_at" datetime NOT NULL, "admin" boolean, "phone" varchar, "subscribed_to_sms" boolean DEFAULT 'f', "subscribed_to_email" boolean DEFAULT 't', "faculty_meetings" boolean DEFAULT 't', "cpcb_seminars" boolean DEFAULT 't', "csb_seminars" boolean DEFAULT 't', "miscellaneous" boolean DEFAULT 't', "confirmation_token" varchar, "confirmed_at" datetime, "confirmation_sent_at" datetime, "unconfirmed_email" varchar, "day_before_email" boolean DEFAULT 't', "week_before_email" boolean DEFAULT 't')[0m
  [1m[35m (0.1ms)[0m  [1m[34m            SELECT sql
            FROM sqlite_master
            WHERE name='tindex_ausers_on_email' AND type='index'
            UNION ALL
            SELECT sql
            FROM sqlite_temp_master
            WHERE name='tindex_ausers_on_email' AND type='index'
[0m
  [1m[35m (0.1ms)[0m  [1m[34m            SELECT sql
            FROM sqlite_master
            WHERE name='tindex_ausers_on_reset_password_token' AND type='index'
            UNION ALL
            SELECT sql
            FROM sqlite_temp_master
            WHERE name='tindex_ausers_on_reset_password_token' AND type='index'
[0m
  [1m[35m (0.1ms)[0m  [1m[34m            SELECT sql
            FROM sqlite_master
            WHERE name='tindex_ausers_on_confirmation_token' AND type='index'
            UNION ALL
            SELECT sql
            FROM sqlite_temp_master
            WHERE name='tindex_ausers_on_confirmation_token' AND type='index'
[0m
  [1m[35m (0.2ms)[0m  [1m[35mCREATE UNIQUE INDEX "index_users_on_email" ON "users" ("email")[0m
  [1m[35m (0.1ms)[0m  [1m[34m            SELECT sql
            FROM sqlite_master
            WHERE name='index_users_on_email' AND type='index'
            UNION ALL
            SELECT sql
            FROM sqlite_temp_master
            WHERE name='index_users_on_email' AND type='index'
[0m
  [1m[35m (0.2ms)[0m  [1m[35mCREATE UNIQUE INDEX "index_users_on_reset_password_token" ON "users" ("reset_password_token")[0m
  [1m[35m (0.1ms)[0m  [1m[34m            SELECT sql
            FROM sqlite_master
            WHERE name='index_users_on_reset_password_token' AND type='index'
            UNION ALL
            SELECT sql
            FROM sqlite_temp_master
            WHERE name='index_users_on_reset_password_token' AND type='index'
[0m
  [1m[35m (0.1ms)[0m  [1m[34m            SELECT sql
            FROM sqlite_master
            WHERE name='index_users_on_email' AND type='index'
            UNION ALL
            SELECT sql
            FROM sqlite_temp_master
            WHERE name='index_users_on_email' AND type='index'
[0m
  [1m[35m (0.2ms)[0m  [1m[35mCREATE UNIQUE INDEX "index_users_on_confirmation_token" ON "users" ("confirmation_token")[0m
  [1m[35m (0.2ms)[0m  [1m[32mINSERT INTO "users" ("id","email","encrypted_password","reset_password_token","reset_password_sent_at","remember_created_at","sign_in_count","current_sign_in_at","last_sign_in_at","current_sign_in_ip","last_sign_in_ip","created_at","updated_at","admin","phone","subscribed_to_sms","subscribed_to_email","faculty_meetings","cpcb_seminars","csb_seminars","miscellaneous","confirmation_token","confirmed_at","confirmation_sent_at","unconfirmed_email","day_before_email","week_before_email")
                     SELECT "id","email","encrypted_password","reset_password_token","reset_password_sent_at","remember_created_at","sign_in_count","current_sign_in_at","last_sign_in_at","current_sign_in_ip","last_sign_in_ip","created_at","updated_at","admin","phone","subscribed_to_sms","subscribed_to_email","faculty_meetings","cpcb_seminars","csb_seminars","miscellaneous","confirmation_token","confirmed_at","confirmation_sent_at","unconfirmed_email","day_before_email","week_before_email" FROM "ausers"[0m
  [1m[35m (0.3ms)[0m  [1m[35mDROP TABLE "ausers"[0m
  [1m[35mSQL (0.2ms)[0m  [1m[32mINSERT INTO "schema_migrations" ("version") VALUES (?)[0m  [["version", "20170120155522"]]
  [1m[35m (1.9ms)[0m  [1m[36mcommit transaction[0m
Migrating to AddCompleteToEvents (20170123170241)
  [1m[35m (0.1ms)[0m  [1m[36mbegin transaction[0m
  [1m[35m (0.5ms)[0m  [1m[35mALTER TABLE "events" ADD "ready_to_send" boolean DEFAULT 'f'[0m
  [1m[35mSQL (0.2ms)[0m  [1m[32mINSERT INTO "schema_migrations" ("version") VALUES (?)[0m  [["version", "20170123170241"]]
  [1m[35m (1.0ms)[0m  [1m[36mcommit transaction[0m
  [1m[36mActiveRecord::InternalMetadata Load (0.2ms)[0m  [1m[34mSELECT  "ar_internal_metadata".* FROM "ar_internal_metadata" WHERE "ar_internal_metadata"."key" = ? LIMIT ?[0m  [["key", :environment], ["LIMIT", 1]]
  [1m[35m (0.1ms)[0m  [1m[36mbegin transaction[0m
  [1m[35mSQL (0.4ms)[0m  [1m[32mINSERT INTO "ar_internal_metadata" ("key", "value", "created_at", "updated_at") VALUES (?, ?, ?, ?)[0m  [["key", "environment"], ["value", "development"], ["created_at", 2017-03-29 15:40:07 -0400], ["updated_at", 2017-03-29 15:40:07 -0400]]
  [1m[35m (1.6ms)[0m  [1m[36mcommit transaction[0m
  [1m[36mActiveRecord::SchemaMigration Load (0.1ms)[0m  [1m[34mSELECT "schema_migrations".* FROM "schema_migrations"[0m
  [1m[35m (0.1ms)[0m  [1m[34m            SELECT sql
            FROM sqlite_master
            WHERE name='delayed_jobs_priority' AND type='index'
            UNION ALL
            SELECT sql
            FROM sqlite_temp_master
            WHERE name='delayed_jobs_priority' AND type='index'
[0m
  [1m[35m (0.1ms)[0m  [1m[34m            SELECT sql
            FROM sqlite_master
            WHERE name='index_users_on_confirmation_token' AND type='index'
            UNION ALL
            SELECT sql
            FROM sqlite_temp_master
            WHERE name='index_users_on_confirmation_token' AND type='index'
[0m
  [1m[35m (0.1ms)[0m  [1m[34m            SELECT sql
            FROM sqlite_master
            WHERE name='index_users_on_reset_password_token' AND type='index'
            UNION ALL
            SELECT sql
            FROM sqlite_temp_master
            WHERE name='index_users_on_reset_password_token' AND type='index'
[0m
  [1m[35m (0.1ms)[0m  [1m[34m            SELECT sql
            FROM sqlite_master
            WHERE name='index_users_on_email' AND type='index'
            UNION ALL
            SELECT sql
            FROM sqlite_temp_master
            WHERE name='index_users_on_email' AND type='index'
[0m
Started GET "/" for ::1 at 2017-03-29 15:40:25 -0400
  [1m[36mActiveRecord::SchemaMigration Load (0.2ms)[0m  [1m[34mSELECT "schema_migrations".* FROM "schema_migrations"[0m
Processing by StaticPagesController#home as HTML
Completed 401 Unauthorized in 30ms (ActiveRecord: 0.0ms)


Started GET "/users/sign_in" for ::1 at 2017-03-29 15:40:25 -0400
Processing by Devise::SessionsController#new as HTML
  Rendering devise/sessions/new.html.erb within layouts/application
  Rendered devise/shared/_links.html.erb (2.4ms)
  Rendered devise/sessions/new.html.erb within layouts/application (52.4ms)
  Rendered layouts/_navigation.html.erb (1.4ms)
  Rendered shared/_messages.html.erb (0.7ms)
  Rendered layouts/_footer.html.erb (0.5ms)
Completed 200 OK in 1226ms (Views: 1171.4ms | ActiveRecord: 1.7ms)


Started GET "/users/sign_up" for ::1 at 2017-03-29 15:40:51 -0400
Processing by RegistrationsController#new as HTML
  Rendering devise/registrations/new.html.erb within layouts/application
  Rendered devise/shared/_links.html.erb (2.1ms)
  Rendered devise/registrations/new.html.erb within layouts/application (9.4ms)
  Rendered layouts/_navigation.html.erb (1.5ms)
  Rendered shared/_messages.html.erb (0.7ms)
  Rendered layouts/_footer.html.erb (0.5ms)
Completed 200 OK in 159ms (Views: 157.5ms | ActiveRecord: 0.0ms)


Started POST "/users" for ::1 at 2017-03-29 15:41:00 -0400
Processing by RegistrationsController#create as HTML
  Parameters: {"utf8"=>"✓", "authenticity_token"=>"fx2Y5rsdfCxGl4cusktzhC/gg4QisKV58gVNkSe0+JYfEgsMS7bUy7bquEiDL+gMTa0zA9szndqOsV70/Hktqg==", "user"=>{"email"=>"nea24@pitt.edu", "phone"=>"", "password"=>"[FILTERED]", "password_confirmation"=>"[FILTERED]"}, "commit"=>"Sign up"}
  [1m[35m (0.2ms)[0m  [1m[36mbegin transaction[0m
  [1m[36mUser Exists (0.2ms)[0m  [1m[34mSELECT  1 AS one FROM "users" WHERE "users"."email" = ? LIMIT ?[0m  [["email", "nea24@pitt.edu"], ["LIMIT", 1]]
  [1m[35mSQL (0.6ms)[0m  [1m[32mINSERT INTO "users" ("email", "encrypted_password", "created_at", "updated_at", "phone", "confirmation_token", "confirmation_sent_at") VALUES (?, ?, ?, ?, ?, ?, ?)[0m  [["email", "nea24@pitt.edu"], ["encrypted_password", "$2a$11$qD4G06tUwjKBm/sRMch1Q.0pnvzJYtujbn6DY5tTh6DB1D7DCOhsG"], ["created_at", 2017-03-29 15:41:00 -0400], ["updated_at", 2017-03-29 15:41:00 -0400], ["phone", ""], ["confirmation_token", "TCo_WXUZ4kxbjyKhFMPP"], ["confirmation_sent_at", 2017-03-29 15:41:00 -0400]]
  [1m[35m (1.1ms)[0m  [1m[36mcommit transaction[0m
  Rendering devise/mailer/confirmation_instructions.html.erb
  Rendered devise/mailer/confirmation_instructions.html.erb (1.5ms)
Devise::Mailer#confirmation_instructions: processed outbound mail in 443.1ms
Sent mail to nea24@pitt.edu (116.0ms)
Date: Wed, 29 Mar 2017 15:41:00 -0400
From: dcb@pitt.edu
Reply-To: dcb@pitt.edu
To: nea24@pitt.edu
Message-ID: <58dc0dccdb319_885b3fc67fdc99b872756@compbio-imac-4.csb.pitt.edu.mail>
Subject: Confirmation instructions
Mime-Version: 1.0
Content-Type: text/html;
 charset=UTF-8
Content-Transfer-Encoding: 7bit

<p>Welcome to DCB Alerts!</p>

<p>You can confirm your account email through the link below:</p>

<p><a href="http://localhost:3000/users/confirmation?confirmation_token=TCo_WXUZ4kxbjyKhFMPP">Confirm my account</a></p>

  [1m[35m (0.1ms)[0m  [1m[36mbegin transaction[0m
  [1m[35mSQL (0.5ms)[0m  [1m[33mUPDATE "users" SET "sign_in_count" = ?, "current_sign_in_at" = ?, "last_sign_in_at" = ?, "current_sign_in_ip" = ?, "last_sign_in_ip" = ?, "updated_at" = ? WHERE "users"."id" = ?[0m  [["sign_in_count", 1], ["current_sign_in_at", 2017-03-29 15:41:00 -0400], ["last_sign_in_at", 2017-03-29 15:41:00 -0400], ["current_sign_in_ip", "::1"], ["last_sign_in_ip", "::1"], ["updated_at", 2017-03-29 15:41:00 -0400], ["id", 1]]
  [1m[35m (1.0ms)[0m  [1m[36mcommit transaction[0m
Completed 500 Internal Server Error in 1095ms (ActiveRecord: 3.7ms)


  
NameError (undefined local variable or method `events_index_path' for #<RegistrationsController:0x007f8cffdcc290>
Did you mean?  events_path):
  
app/controllers/application_controller.rb:6:in `after_sign_in_path_for'
  Rendering /Users/nea24/.rbenv/versions/2.3.1/lib/ruby/gems/2.3.0/gems/actionpack-5.0.1/lib/action_dispatch/middleware/templates/rescues/diagnostics.html.erb within rescues/layout
  Rendering /Users/nea24/.rbenv/versions/2.3.1/lib/ruby/gems/2.3.0/gems/actionpack-5.0.1/lib/action_dispatch/middleware/templates/rescues/_source.html.erb
  Rendered /Users/nea24/.rbenv/versions/2.3.1/lib/ruby/gems/2.3.0/gems/actionpack-5.0.1/lib/action_dispatch/middleware/templates/rescues/_source.html.erb (5.1ms)
  Rendering /Users/nea24/.rbenv/versions/2.3.1/lib/ruby/gems/2.3.0/gems/actionpack-5.0.1/lib/action_dispatch/middleware/templates/rescues/_trace.html.erb
  Rendered /Users/nea24/.rbenv/versions/2.3.1/lib/ruby/gems/2.3.0/gems/actionpack-5.0.1/lib/action_dispatch/middleware/templates/rescues/_trace.html.erb (2.4ms)
  Rendering /Users/nea24/.rbenv/versions/2.3.1/lib/ruby/gems/2.3.0/gems/actionpack-5.0.1/lib/action_dispatch/middleware/templates/rescues/_request_and_response.html.erb
  Rendered /Users/nea24/.rbenv/versions/2.3.1/lib/ruby/gems/2.3.0/gems/actionpack-5.0.1/lib/action_dispatch/middleware/templates/rescues/_request_and_response.html.erb (2.2ms)
  Rendered /Users/nea24/.rbenv/versions/2.3.1/lib/ruby/gems/2.3.0/gems/actionpack-5.0.1/lib/action_dispatch/middleware/templates/rescues/diagnostics.html.erb within rescues/layout (231.4ms)
Started POST "/users" for ::1 at 2017-03-29 15:42:03 -0400
  [1m[36mActiveRecord::SchemaMigration Load (0.2ms)[0m  [1m[34mSELECT "schema_migrations".* FROM "schema_migrations"[0m
Processing by RegistrationsController#create as HTML
  Parameters: {"utf8"=>"✓", "authenticity_token"=>"Zqzqz15ZOmKpOCn3FBs3j8aeS1axC8p6p4hPX+UPZNzYRg3QhdXt1qoH2mbJyoD3Q6Ux8ruKtBCP+oCQyqpjKA==", "user"=>{"email"=>"test@pitt.edu", "phone"=>"", "password"=>"[FILTERED]", "password_confirmation"=>"[FILTERED]"}, "commit"=>"Sign up"}
  [1m[35m (0.1ms)[0m  [1m[36mbegin transaction[0m
  [1m[36mUser Exists (0.3ms)[0m  [1m[34mSELECT  1 AS one FROM "users" WHERE "users"."email" = ? LIMIT ?[0m  [["email", "test@pitt.edu"], ["LIMIT", 1]]
  [1m[35mSQL (0.6ms)[0m  [1m[32mINSERT INTO "users" ("email", "encrypted_password", "created_at", "updated_at", "phone", "confirmation_token", "confirmation_sent_at") VALUES (?, ?, ?, ?, ?, ?, ?)[0m  [["email", "test@pitt.edu"], ["encrypted_password", "$2a$11$rVI.A8WrrRTFBjf1M2kNv..aLQipsTTac/0OBqvRxi7M.zeqo9wNi"], ["created_at", 2017-03-29 15:42:04 -0400], ["updated_at", 2017-03-29 15:42:04 -0400], ["phone", ""], ["confirmation_token", "SxAGsWogkkSdMkK1jW81"], ["confirmation_sent_at", 2017-03-29 15:42:04 -0400]]
  [1m[35m (1.2ms)[0m  [1m[36mcommit transaction[0m
  Rendering devise/mailer/confirmation_instructions.html.erb
  Rendered devise/mailer/confirmation_instructions.html.erb (9.4ms)
Devise::Mailer#confirmation_instructions: processed outbound mail in 326.3ms
Sent mail to test@pitt.edu (57.4ms)
Date: Wed, 29 Mar 2017 15:42:04 -0400
From: dcb@pitt.edu
Reply-To: dcb@pitt.edu
To: test@pitt.edu
Message-ID: <58dc0e0ca4b8b_88d73fc92b9d51785475f@compbio-imac-4.csb.pitt.edu.mail>
Subject: Confirmation instructions
Mime-Version: 1.0
Content-Type: text/html;
 charset=UTF-8
Content-Transfer-Encoding: 7bit

<p>Welcome to DCB Alerts!</p>

<p>You can confirm your account email through the link below:</p>

<p><a href="http://localhost:3000/users/confirmation?confirmation_token=SxAGsWogkkSdMkK1jW81">Confirm my account</a></p>

  [1m[35m (0.1ms)[0m  [1m[36mbegin transaction[0m
  [1m[35mSQL (0.4ms)[0m  [1m[33mUPDATE "users" SET "sign_in_count" = ?, "current_sign_in_at" = ?, "last_sign_in_at" = ?, "current_sign_in_ip" = ?, "last_sign_in_ip" = ?, "updated_at" = ? WHERE "users"."id" = ?[0m  [["sign_in_count", 1], ["current_sign_in_at", 2017-03-29 15:42:04 -0400], ["last_sign_in_at", 2017-03-29 15:42:04 -0400], ["current_sign_in_ip", "::1"], ["last_sign_in_ip", "::1"], ["updated_at", 2017-03-29 15:42:04 -0400], ["id", 2]]
  [1m[35m (1.0ms)[0m  [1m[36mcommit transaction[0m
Redirected to http://localhost:3000/events
Completed 302 Found in 781ms (ActiveRecord: 4.8ms)


Started GET "/events" for ::1 at 2017-03-29 15:42:04 -0400
Processing by EventsController#index as HTML
  [1m[36mUser Load (0.3ms)[0m  [1m[34mSELECT  "users".* FROM "users" WHERE "users"."id" = ? ORDER BY "users"."id" ASC LIMIT ?[0m  [["id", 2], ["LIMIT", 1]]
  Rendering events/index.html.erb within layouts/application
  [1m[36mEvent Load (0.3ms)[0m  [1m[34mSELECT "events".* FROM "events" WHERE (start > '2017-03-29 15:42:04.846506' ) ORDER BY start ASC[0m
  Rendered events/index.html.erb within layouts/application (4.0ms)
  Rendered layouts/_navigation.html.erb (1.5ms)
  Rendered shared/_messages.html.erb (0.6ms)
  Rendered layouts/_footer.html.erb (0.5ms)
Completed 200 OK in 418ms (Views: 337.6ms | ActiveRecord: 1.0ms)


Started GET "/" for ::1 at 2017-03-29 15:42:08 -0400
Processing by StaticPagesController#home as HTML
  [1m[36mUser Load (0.3ms)[0m  [1m[34mSELECT  "users".* FROM "users" WHERE "users"."id" = ? ORDER BY "users"."id" ASC LIMIT ?[0m  [["id", 2], ["LIMIT", 1]]
Redirected to http://localhost:3000/events
Completed 302 Found in 7ms (ActiveRecord: 0.3ms)


Started GET "/events" for ::1 at 2017-03-29 15:42:08 -0400
Processing by EventsController#index as HTML
  [1m[36mUser Load (0.3ms)[0m  [1m[34mSELECT  "users".* FROM "users" WHERE "users"."id" = ? ORDER BY "users"."id" ASC LIMIT ?[0m  [["id", 2], ["LIMIT", 1]]
  Rendering events/index.html.erb within layouts/application
  [1m[36mEvent Load (0.2ms)[0m  [1m[34mSELECT "events".* FROM "events" WHERE (start > '2017-03-29 15:42:08.875630' ) ORDER BY start ASC[0m
  Rendered events/index.html.erb within layouts/application (2.1ms)
  Rendered layouts/_navigation.html.erb (1.6ms)
  Rendered shared/_messages.html.erb (0.6ms)
  Rendered layouts/_footer.html.erb (0.4ms)
Completed 200 OK in 75ms (Views: 69.3ms | ActiveRecord: 0.5ms)


